[2019-06-11 23:02:08.425] [exthost] [info] extension host started
[2019-06-11 23:02:08.443] [exthost] [info] ExtensionService#_doActivateExtension vscode.debug-auto-launch {"startup":true,"activationEvent":"*"}
[2019-06-11 23:02:08.443] [exthost] [info] ExtensionService#loadCommonJSModule /usr/share/code/resources/app/extensions/debug-auto-launch/dist/extension
[2019-06-11 23:02:08.447] [exthost] [info] ExtensionService#_doActivateExtension vscode.emmet {"startup":true,"activationEvent":"*"}
[2019-06-11 23:02:08.447] [exthost] [info] ExtensionService#loadCommonJSModule /usr/share/code/resources/app/extensions/emmet/dist/extension
[2019-06-11 23:02:08.463] [exthost] [info] ExtensionService#_doActivateExtension vscode.git {"startup":true,"activationEvent":"*"}
[2019-06-11 23:02:08.463] [exthost] [info] ExtensionService#loadCommonJSModule /usr/share/code/resources/app/extensions/git/dist/main
[2019-06-11 23:02:08.565] [exthost] [info] ExtensionService#_doActivateExtension vscode.merge-conflict {"startup":true,"activationEvent":"*"}
[2019-06-11 23:02:08.565] [exthost] [info] ExtensionService#loadCommonJSModule /usr/share/code/resources/app/extensions/merge-conflict/dist/extension
[2019-06-11 23:02:08.571] [exthost] [info] ExtensionService#_doActivateExtension redhat.vscode-yaml {"startup":true,"activationEvent":"*"}
[2019-06-11 23:02:08.571] [exthost] [info] ExtensionService#loadCommonJSModule /home/fernando/.vscode/extensions/redhat.vscode-yaml-0.4.1/out/src/extension
[2019-06-11 23:02:08.633] [exthost] [info] ExtensionService#_doActivateExtension christian-kohler.path-intellisense {"startup":true,"activationEvent":"*"}
[2019-06-11 23:02:08.634] [exthost] [info] ExtensionService#loadCommonJSModule /home/fernando/.vscode/extensions/christian-kohler.path-intellisense-1.4.2/out/src/extension
[2019-06-11 23:02:08.646] [exthost] [info] ExtensionService#_doActivateExtension CoenraadS.bracket-pair-colorizer {"startup":true,"activationEvent":"*"}
[2019-06-11 23:02:08.646] [exthost] [info] ExtensionService#loadCommonJSModule /home/fernando/.vscode/extensions/coenraads.bracket-pair-colorizer-1.0.61/out/src/extension
[2019-06-11 23:02:08.663] [exthost] [info] ExtensionService#_doActivateExtension dbaeumer.vscode-eslint {"startup":true,"activationEvent":"*"}
[2019-06-11 23:02:08.663] [exthost] [info] ExtensionService#loadCommonJSModule /home/fernando/.vscode/extensions/dbaeumer.vscode-eslint-1.9.0/client/out/extension
[2019-06-11 23:02:08.696] [exthost] [info] ExtensionService#_doActivateExtension eamodio.gitlens {"startup":true,"activationEvent":"*"}
[2019-06-11 23:02:08.696] [exthost] [info] ExtensionService#loadCommonJSModule /home/fernando/.vscode/extensions/eamodio.gitlens-9.8.2/dist/extension
[2019-06-11 23:02:08.819] [exthost] [info] ExtensionService#_doActivateExtension Equinusocio.vsc-material-theme {"startup":true,"activationEvent":"*"}
[2019-06-11 23:02:08.819] [exthost] [info] ExtensionService#loadCommonJSModule /home/fernando/.vscode/extensions/equinusocio.vsc-material-theme-2.9.0/out/src/material.theme.config
[2019-06-11 23:02:08.829] [exthost] [info] ExtensionService#_doActivateExtension esbenp.prettier-vscode {"startup":true,"activationEvent":"*"}
[2019-06-11 23:02:08.829] [exthost] [info] ExtensionService#loadCommonJSModule /home/fernando/.vscode/extensions/esbenp.prettier-vscode-1.9.0/out/src/extension
[2019-06-11 23:02:08.998] [exthost] [info] ExtensionService#_doActivateExtension formulahendry.auto-rename-tag {"startup":true,"activationEvent":"*"}
[2019-06-11 23:02:08.998] [exthost] [info] ExtensionService#loadCommonJSModule /home/fernando/.vscode/extensions/formulahendry.auto-rename-tag-0.1.0/out/src/extension
[2019-06-11 23:02:09.001] [exthost] [info] ExtensionService#_doActivateExtension HookyQR.beautify {"startup":true,"activationEvent":"*"}
[2019-06-11 23:02:09.001] [exthost] [info] ExtensionService#loadCommonJSModule /home/fernando/.vscode/extensions/hookyqr.beautify-1.5.0/extension
[2019-06-11 23:02:09.051] [exthost] [info] ExtensionService#_doActivateExtension ms-vsliveshare.vsliveshare {"startup":true,"activationEvent":"*"}
[2019-06-11 23:02:09.051] [exthost] [info] ExtensionService#loadCommonJSModule /home/fernando/.vscode/extensions/ms-vsliveshare.vsliveshare-1.0.379/out/prod/extension-prod
[2019-06-11 23:02:09.642] [exthost] [info] ExtensionService#_doActivateExtension ritwickdey.LiveServer {"startup":true,"activationEvent":"*"}
[2019-06-11 23:02:09.642] [exthost] [info] ExtensionService#loadCommonJSModule /home/fernando/.vscode/extensions/ritwickdey.liveserver-5.6.1/out/src/extension
[2019-06-11 23:02:10.207] [exthost] [info] ExtensionService#_doActivateExtension Zignd.html-css-class-completion {"startup":true,"activationEvent":"*"}
[2019-06-11 23:02:10.207] [exthost] [info] ExtensionService#loadCommonJSModule /home/fernando/.vscode/extensions/zignd.html-css-class-completion-1.19.0/out/src/extension
[2019-06-11 23:02:10.618] [exthost] [info] eager extensions activated
[2019-06-11 23:02:10.912] [exthost] [info] ExtensionService#_doActivateExtension vscode.html-language-features {"startup":false,"activationEvent":"onLanguage:html"}
[2019-06-11 23:02:10.913] [exthost] [info] ExtensionService#loadCommonJSModule /usr/share/code/resources/app/extensions/html-language-features/client/dist/htmlMain
[2019-06-11 23:02:10.979] [exthost] [info] ExtensionService#_doActivateExtension ecmel.vscode-html-css {"startup":false,"activationEvent":"onLanguage:html"}
[2019-06-11 23:02:10.979] [exthost] [info] ExtensionService#loadCommonJSModule /home/fernando/.vscode/extensions/ecmel.vscode-html-css-0.2.0/out/src/extension
[2019-06-11 23:02:11.284] [exthost] [info] ExtensionService#_doActivateExtension hdg.live-html-previewer {"startup":false,"activationEvent":"onLanguage:html"}
[2019-06-11 23:02:11.284] [exthost] [info] ExtensionService#loadCommonJSModule /home/fernando/.vscode/extensions/hdg.live-html-previewer-0.3.0/out/src/extension
[2019-06-11 23:02:13.705] [exthost] [info] ExtensionService#_doActivateExtension atlassian.atlascode {"startup":true,"activationEvent":"*"}
[2019-06-11 23:02:13.705] [exthost] [info] ExtensionService#loadCommonJSModule /home/fernando/.vscode/extensions/atlassian.atlascode-1.4.2/build/extension/extension
[2019-06-11 23:02:15.087] [exthost] [info] ExtensionService#_doActivateExtension vscode.configuration-editing {"startup":false,"activationEvent":"onLanguage:jsonc"}
[2019-06-11 23:02:15.087] [exthost] [info] ExtensionService#loadCommonJSModule /usr/share/code/resources/app/extensions/configuration-editing/dist/extension
[2019-06-11 23:02:15.117] [exthost] [info] ExtensionService#_doActivateExtension vscode.json-language-features {"startup":false,"activationEvent":"onLanguage:jsonc"}
[2019-06-11 23:02:15.117] [exthost] [info] ExtensionService#loadCommonJSModule /usr/share/code/resources/app/extensions/json-language-features/client/dist/jsonMain
[2019-06-11 23:02:15.300] [exthost] [info] ExtensionService#_doActivateExtension vscode.typescript-language-features {"startup":false,"activationEvent":"onLanguage:jsonc"}
[2019-06-11 23:02:15.300] [exthost] [info] ExtensionService#loadCommonJSModule /usr/share/code/resources/app/extensions/typescript-language-features/dist/extension
[2019-06-11 23:02:37.417] [exthost] [info] extension host started
[2019-06-11 23:02:37.479] [exthost] [info] ExtensionService#_doActivateExtension vscode.debug-auto-launch {"startup":true,"activationEvent":"*"}
[2019-06-11 23:02:37.479] [exthost] [info] ExtensionService#loadCommonJSModule /usr/share/code/resources/app/extensions/debug-auto-launch/dist/extension
[2019-06-11 23:02:37.495] [exthost] [info] ExtensionService#_doActivateExtension vscode.emmet {"startup":true,"activationEvent":"*"}
[2019-06-11 23:02:37.495] [exthost] [info] ExtensionService#loadCommonJSModule /usr/share/code/resources/app/extensions/emmet/dist/extension
[2019-06-11 23:02:37.542] [exthost] [info] ExtensionService#_doActivateExtension vscode.git {"startup":true,"activationEvent":"*"}
[2019-06-11 23:02:37.542] [exthost] [info] ExtensionService#loadCommonJSModule /usr/share/code/resources/app/extensions/git/dist/main
[2019-06-11 23:02:37.668] [exthost] [info] ExtensionService#_doActivateExtension vscode.merge-conflict {"startup":true,"activationEvent":"*"}
[2019-06-11 23:02:37.668] [exthost] [info] ExtensionService#loadCommonJSModule /usr/share/code/resources/app/extensions/merge-conflict/dist/extension
[2019-06-11 23:02:37.674] [exthost] [info] ExtensionService#_doActivateExtension redhat.vscode-yaml {"startup":true,"activationEvent":"*"}
[2019-06-11 23:02:37.674] [exthost] [info] ExtensionService#loadCommonJSModule /home/fernando/.vscode/extensions/redhat.vscode-yaml-0.4.1/out/src/extension
[2019-06-11 23:02:37.720] [exthost] [info] ExtensionService#_doActivateExtension christian-kohler.path-intellisense {"startup":true,"activationEvent":"*"}
[2019-06-11 23:02:37.720] [exthost] [info] ExtensionService#loadCommonJSModule /home/fernando/.vscode/extensions/christian-kohler.path-intellisense-1.4.2/out/src/extension
[2019-06-11 23:02:37.733] [exthost] [info] ExtensionService#_doActivateExtension CoenraadS.bracket-pair-colorizer {"startup":true,"activationEvent":"*"}
[2019-06-11 23:02:37.733] [exthost] [info] ExtensionService#loadCommonJSModule /home/fernando/.vscode/extensions/coenraads.bracket-pair-colorizer-1.0.61/out/src/extension
[2019-06-11 23:02:37.752] [exthost] [info] ExtensionService#_doActivateExtension dbaeumer.vscode-eslint {"startup":true,"activationEvent":"*"}
[2019-06-11 23:02:37.752] [exthost] [info] ExtensionService#loadCommonJSModule /home/fernando/.vscode/extensions/dbaeumer.vscode-eslint-1.9.0/client/out/extension
[2019-06-11 23:02:37.788] [exthost] [info] ExtensionService#_doActivateExtension eamodio.gitlens {"startup":true,"activationEvent":"*"}
[2019-06-11 23:02:37.788] [exthost] [info] ExtensionService#loadCommonJSModule /home/fernando/.vscode/extensions/eamodio.gitlens-9.8.2/dist/extension
[2019-06-11 23:02:37.912] [exthost] [info] ExtensionService#_doActivateExtension Equinusocio.vsc-material-theme {"startup":true,"activationEvent":"*"}
[2019-06-11 23:02:37.912] [exthost] [info] ExtensionService#loadCommonJSModule /home/fernando/.vscode/extensions/equinusocio.vsc-material-theme-2.9.0/out/src/material.theme.config
[2019-06-11 23:02:37.923] [exthost] [info] ExtensionService#_doActivateExtension esbenp.prettier-vscode {"startup":true,"activationEvent":"*"}
[2019-06-11 23:02:37.923] [exthost] [info] ExtensionService#loadCommonJSModule /home/fernando/.vscode/extensions/esbenp.prettier-vscode-1.9.0/out/src/extension
[2019-06-11 23:02:38.105] [exthost] [info] ExtensionService#_doActivateExtension formulahendry.auto-rename-tag {"startup":true,"activationEvent":"*"}
[2019-06-11 23:02:38.105] [exthost] [info] ExtensionService#loadCommonJSModule /home/fernando/.vscode/extensions/formulahendry.auto-rename-tag-0.1.0/out/src/extension
[2019-06-11 23:02:38.108] [exthost] [info] ExtensionService#_doActivateExtension HookyQR.beautify {"startup":true,"activationEvent":"*"}
[2019-06-11 23:02:38.108] [exthost] [info] ExtensionService#loadCommonJSModule /home/fernando/.vscode/extensions/hookyqr.beautify-1.5.0/extension
[2019-06-11 23:02:38.175] [exthost] [info] ExtensionService#_doActivateExtension ms-vsliveshare.vsliveshare {"startup":true,"activationEvent":"*"}
[2019-06-11 23:02:38.175] [exthost] [info] ExtensionService#loadCommonJSModule /home/fernando/.vscode/extensions/ms-vsliveshare.vsliveshare-1.0.379/out/prod/extension-prod
[2019-06-11 23:02:38.673] [exthost] [info] ExtensionService#_doActivateExtension ritwickdey.LiveServer {"startup":true,"activationEvent":"*"}
[2019-06-11 23:02:38.673] [exthost] [info] ExtensionService#loadCommonJSModule /home/fernando/.vscode/extensions/ritwickdey.liveserver-5.6.1/out/src/extension
[2019-06-11 23:02:39.029] [exthost] [info] ExtensionService#_doActivateExtension Zignd.html-css-class-completion {"startup":true,"activationEvent":"*"}
[2019-06-11 23:02:39.029] [exthost] [info] ExtensionService#loadCommonJSModule /home/fernando/.vscode/extensions/zignd.html-css-class-completion-1.19.0/out/src/extension
[2019-06-11 23:02:39.698] [exthost] [info] eager extensions activated
[2019-06-11 23:02:41.064] [exthost] [info] ExtensionService#_doActivateExtension atlassian.atlascode {"startup":true,"activationEvent":"*"}
[2019-06-11 23:02:41.064] [exthost] [info] ExtensionService#loadCommonJSModule /home/fernando/.vscode/extensions/atlassian.atlascode-1.4.2/build/extension/extension
[2019-06-11 23:02:41.811] [exthost] [info] ExtensionService#_doActivateExtension vscode.configuration-editing {"startup":false,"activationEvent":"onLanguage:jsonc"}
[2019-06-11 23:02:41.811] [exthost] [info] ExtensionService#loadCommonJSModule /usr/share/code/resources/app/extensions/configuration-editing/dist/extension
[2019-06-11 23:02:41.818] [exthost] [info] ExtensionService#_doActivateExtension vscode.json-language-features {"startup":false,"activationEvent":"onLanguage:jsonc"}
[2019-06-11 23:02:41.818] [exthost] [info] ExtensionService#loadCommonJSModule /usr/share/code/resources/app/extensions/json-language-features/client/dist/jsonMain
[2019-06-11 23:02:41.881] [exthost] [info] ExtensionService#_doActivateExtension vscode.typescript-language-features {"startup":false,"activationEvent":"onLanguage:jsonc"}
[2019-06-11 23:02:41.881] [exthost] [info] ExtensionService#loadCommonJSModule /usr/share/code/resources/app/extensions/typescript-language-features/dist/extension
[2019-06-11 23:03:04.493] [exthost] [info] ExtensionService#_doActivateExtension vscode.css-language-features {"startup":false,"activationEvent":"onLanguage:css"}
[2019-06-11 23:03:04.493] [exthost] [info] ExtensionService#loadCommonJSModule /usr/share/code/resources/app/extensions/css-language-features/client/dist/cssMain
[2019-06-11 23:03:18.966] [exthost] [info] ExtensionService#_doActivateExtension ecmel.vscode-html-css {"startup":false,"activationEvent":"onLanguage:javascript"}
[2019-06-11 23:03:18.966] [exthost] [info] ExtensionService#loadCommonJSModule /home/fernando/.vscode/extensions/ecmel.vscode-html-css-0.2.0/out/src/extension
[2019-06-11 23:03:19.783] [exthost] [info] ExtensionService#_doActivateExtension ms-vscode.vscode-typescript-tslint-plugin {"startup":false,"activationEvent":"onLanguage:javascript"}
[2019-06-11 23:03:19.783] [exthost] [info] ExtensionService#loadCommonJSModule /home/fernando/.vscode/extensions/ms-vscode.vscode-typescript-tslint-plugin-1.1.0/out/index.js
[2019-06-11 23:03:19.797] [exthost] [info] ExtensionService#_doActivateExtension VisualStudioExptTeam.vscodeintellicode {"startup":false,"activationEvent":"onLanguage:javascript"}
[2019-06-11 23:03:19.797] [exthost] [info] ExtensionService#loadCommonJSModule /home/fernando/.vscode/extensions/visualstudioexptteam.vscodeintellicode-1.1.6/dist/intellicode
[2019-06-11 23:06:41.703] [exthost] [info] ExtensionService#_doActivateExtension vscode.extension-editing {"startup":false,"activationEvent":"onLanguage:typescript"}
[2019-06-11 23:06:41.703] [exthost] [info] ExtensionService#loadCommonJSModule /usr/share/code/resources/app/extensions/extension-editing/dist/extension
[2019-06-11 23:06:43.937] [exthost] [error] [vscode.typescript-language-features] provider FAILED
[2019-06-11 23:06:43.937] [exthost] [error] {"label":"Acquiring typings...","detail":"Acquiring typings definitions for IntelliSense."}
[2019-06-11 23:06:44.055] [exthost] [error] [vscode.typescript-language-features] provider FAILED
[2019-06-11 23:06:44.055] [exthost] [error] {"label":"Acquiring typings...","detail":"Acquiring typings definitions for IntelliSense."}
[2019-06-11 23:06:44.186] [exthost] [error] [vscode.typescript-language-features] provider FAILED
[2019-06-11 23:06:44.186] [exthost] [error] {"label":"Acquiring typings...","detail":"Acquiring typings definitions for IntelliSense."}
[2019-06-11 23:06:44.245] [exthost] [error] [vscode.typescript-language-features] provider FAILED
[2019-06-11 23:06:44.245] [exthost] [error] {"label":"Acquiring typings...","detail":"Acquiring typings definitions for IntelliSense."}
[2019-06-11 23:06:44.516] [exthost] [error] [vscode.typescript-language-features] provider FAILED
[2019-06-11 23:06:44.516] [exthost] [error] {"label":"Acquiring typings...","detail":"Acquiring typings definitions for IntelliSense."}
[2019-06-11 23:07:08.100] [exthost] [error] [vscode.typescript-language-features] provider FAILED
[2019-06-11 23:07:08.100] [exthost] [error] {"label":"Acquiring typings...","detail":"Acquiring typings definitions for IntelliSense."}
[2019-06-11 23:07:09.042] [exthost] [error] [vscode.typescript-language-features] provider FAILED
[2019-06-11 23:07:09.042] [exthost] [error] {"label":"Acquiring typings...","detail":"Acquiring typings definitions for IntelliSense."}
[2019-06-11 23:14:59.945] [exthost] [info] ExtensionService#_doActivateExtension vscode.markdown-language-features {"startup":false,"activationEvent":"onLanguage:markdown"}
[2019-06-11 23:14:59.946] [exthost] [info] ExtensionService#loadCommonJSModule /usr/share/code/resources/app/extensions/markdown-language-features/dist/extension
[2019-06-11 23:15:00.577] [exthost] [info] ExtensionService#_doActivateExtension vscode.npm {"startup":false,"activationEvent":"onLanguage:json"}
[2019-06-11 23:15:00.577] [exthost] [info] ExtensionService#loadCommonJSModule /usr/share/code/resources/app/extensions/npm/dist/main
